<?xml version="1.0" encoding="UTF-8"?>
<coverage generated="1589845697215" clover="3.2.0">
  <project timestamp="1589845697215" name="All files">
    <metrics statements="21" coveredstatements="21" conditionals="2" coveredconditionals="0" methods="5" coveredmethods="5" elements="28" coveredelements="26" complexity="0" loc="21" ncloc="21" packages="1" files="1" classes="1"/>
    <file name="index.ts" path="/home/nico/dev/projects/percyst/src/index.ts">
      <metrics statements="21" coveredstatements="21" conditionals="2" coveredconditionals="0" methods="5" coveredmethods="5"/>
      <line num="1" count="1" type="stmt"/>
      <line num="2" count="1" type="stmt"/>
      <line num="26" count="1" type="stmt"/>
      <line num="27" count="1" type="stmt"/>
      <line num="29" count="1" type="stmt"/>
      <line num="30" count="1" type="stmt"/>
      <line num="31" count="1" type="stmt"/>
      <line num="35" count="1" type="stmt"/>
      <line num="53" count="1" type="stmt"/>
      <line num="54" count="2" type="cond" truecount="0" falsecount="1"/>
      <line num="62" count="2" type="stmt"/>
      <line num="63" count="2" type="stmt"/>
      <line num="64" count="2" type="stmt"/>
      <line num="65" count="2" type="stmt"/>
      <line num="68" count="2" type="stmt"/>
      <line num="72" count="2" type="stmt"/>
      <line num="77" count="2" type="stmt"/>
      <line num="91" count="3" type="stmt"/>
      <line num="92" count="3" type="stmt"/>
      <line num="96" count="3" type="stmt"/>
      <line num="125" count="3" type="stmt"/>
    </file>
  </project>
</coverage>
