{"/home/nico/dev/projects/percyst/src/index.ts": {"path":"/home/nico/dev/projects/percyst/src/index.ts","statementMap":{"0":{"start":{"line":1,"column":0},"end":{"line":1,"column":44}},"1":{"start":{"line":2,"column":0},"end":{"line":2,"column":null}},"2":{"start":{"line":26,"column":13},"end":{"line":26,"column":46}},"3":{"start":{"line":27,"column":13},"end":{"line":27,"column":48}},"4":{"start":{"line":29,"column":13},"end":{"line":29,"column":51}},"5":{"start":{"line":30,"column":13},"end":{"line":30,"column":49}},"6":{"start":{"line":31,"column":13},"end":{"line":34,"column":3}},"7":{"start":{"line":35,"column":13},"end":{"line":38,"column":3}},"8":{"start":{"line":54,"column":22},"end":{"line":54,"column":48}},"9":{"start":{"line":62,"column":2},"end":{"line":78,"column":null}},"10":{"start":{"line":62,"column":24},"end":{"line":78,"column":3}},"11":{"start":{"line":62,"column":32},"end":{"line":78,"column":3}},"12":{"start":{"line":63,"column":25},"end":{"line":63,"column":37}},"13":{"start":{"line":64,"column":22},"end":{"line":64,"column":38}},"14":{"start":{"line":65,"column":23},"end":{"line":66,"column":null}},"15":{"start":{"line":68,"column":22},"end":{"line":70,"column":6}},"16":{"start":{"line":72,"column":4},"end":{"line":75,"column":6}},"17":{"start":{"line":77,"column":4},"end":{"line":77,"column":24}},"18":{"start":{"line":91,"column":22},"end":{"line":91,"column":61}},"19":{"start":{"line":92,"column":24},"end":{"line":94,"column":6}},"20":{"start":{"line":96,"column":21},"end":{"line":123,"column":6}},"21":{"start":{"line":125,"column":4},"end":{"line":125,"column":46}},"22":{"start":{"line":53,"column":0},"end":{"line":53,"column":13}}},"fnMap":{"0":{"name":"(anonymous_1)","decl":{"start":{"line":54,"column":2},"end":{"line":54,"column":22}},"loc":{"start":{"line":54,"column":50},"end":{"line":54,"column":55}}},"1":{"name":"(anonymous_2)","decl":{"start":{"line":62,"column":15},"end":{"line":62,"column":20}},"loc":{"start":{"line":62,"column":24},"end":{"line":78,"column":3}}},"2":{"name":"(anonymous_3)","decl":{"start":{"line":62,"column":24},"end":{"line":62,"column":28}},"loc":{"start":{"line":62,"column":32},"end":{"line":78,"column":3}}},"3":{"name":"(anonymous_4)","decl":{"start":{"line":62,"column":32},"end":{"line":62,"column":33}},"loc":{"start":{"line":62,"column":54},"end":{"line":78,"column":3}}},"4":{"name":"(anonymous_5)","decl":{"start":{"line":90,"column":2},"end":{"line":90,"column":11}},"loc":{"start":{"line":90,"column":34},"end":{"line":126,"column":3}}}},"branchMap":{"0":{"loc":{"start":{"line":54,"column":48},"end":{"line":54,"column":50}},"type":"default-arg","locations":[{"start":{"line":54,"column":48},"end":{"line":54,"column":50}}]},"1":{"loc":{"start":{"line":90,"column":32},"end":{"line":90,"column":34}},"type":"default-arg","locations":[{"start":{"line":90,"column":32},"end":{"line":90,"column":34}}]}},"s":{"0":1,"1":1,"2":1,"3":1,"4":1,"5":1,"6":1,"7":1,"8":2,"9":2,"10":2,"11":2,"12":2,"13":2,"14":2,"15":2,"16":2,"17":2,"18":3,"19":3,"20":3,"21":3,"22":1},"f":{"0":2,"1":2,"2":2,"3":2,"4":3},"b":{"0":[0],"1":[0]}}
}
